<?xml version="1.0" encoding="UTF-8"?>
<!-- Generated by org.testng.reporters.JUnitReportReporter -->
<testsuite hostname="DESKTOP-0GFRTS5" failures="0" tests="7" name="testLayer.ShoppingCartTest" time="82.457" errors="0" timestamp="2024-03-22T00:07:36 EDT" skipped="0">
  <testcase classname="testLayer.ShoppingCartTest" name="addItemVerify" time="23.762"/>
  <system-out/>
  <testcase classname="testLayer.ShoppingCartTest" name="quantityIncrease" time="7.171"/>
  <system-out/>
  <testcase classname="testLayer.ShoppingCartTest" name="addSameItem" time="19.997"/>
  <system-out/>
  <testcase classname="testLayer.ShoppingCartTest" name="addMultipleItem" time="20.566"/>
  <system-out/>
  <testcase classname="testLayer.ShoppingCartTest" name="quantityDecrease" time="6.982"/>
  <system-out/>
  <testcase classname="testLayer.ShoppingCartTest" name="quantityRemove" time="1.957"/>
  <system-out/>
  <testcase classname="testLayer.ShoppingCartTest" name="quantityRemoveAll" time="2.022"/>
  <system-out/>
</testsuite> <!-- testLayer.ShoppingCartTest -->
