<?xml version="1.0" encoding="UTF-8"?>
<!-- Generated by org.testng.reporters.JUnitReportReporter -->
<testsuite hostname="DESKTOP-0GFRTS5" failures="0" tests="2" name="testLayer.CreateAccountTest" time="47.220" errors="0" timestamp="2024-02-29T17:22:45 EST" skipped="0">
  <testcase classname="testLayer.CreateAccountTest" name="createaccount" time="24.156"/>
  <system-out/>
  <testcase classname="testLayer.CreateAccountTest" name="createaccount" time="23.064"/>
  <system-out/>
</testsuite> <!-- testLayer.CreateAccountTest -->
