<?xml version="1.0" encoding="UTF-8"?>
<!-- Generated by org.testng.reporters.JUnitReportReporter -->
<testsuite hostname="DESKTOP-0GFRTS5" failures="0" tests="1" name="testLayer.LoginSecTest" time="6.300" errors="0" timestamp="2024-03-22T00:07:36 EDT" skipped="0">
  <testcase classname="testLayer.LoginSecTest" name="editName" time="6.300"/>
  <system-out/>
</testsuite> <!-- testLayer.LoginSecTest -->
