<?xml version="1.0" encoding="UTF-8"?>
<!-- Generated by org.testng.reporters.JUnitReportReporter -->
<testsuite hostname="DESKTOP-0GFRTS5" failures="0" tests="3" name="testLayer.SigninTest" time="9.597" errors="0" timestamp="2024-03-22T00:07:36 EDT" skipped="0">
  <testcase classname="testLayer.SigninTest" name="signinValidEmailPassword" time="6.991"/>
  <system-out/>
  <testcase classname="testLayer.SigninTest" name="youraccount" time="1.223"/>
  <system-out/>
  <testcase classname="testLayer.SigninTest" name="yourorders" time="1.383"/>
  <system-out/>
</testsuite> <!-- testLayer.SigninTest -->
